 
****************************************
Report : area
Design : FIFO
Version: Q-2019.12-SP5-5
Date   : Mon Jul  4 11:46:28 2022
****************************************

Library(s) Used:

    um28nchhlogl35udl140f_ssgwc0p9v0c (File: /media/0/LogicLibraries/UMC/28nm/35uhd/udl/hvt/latest/liberty/logic_synth/um28nchhlogl35udl140f_ssgwc0p9v0c.db)
    um28nchslogl35udl140f_ssgwc0p9v0c (File: /media/0/LogicLibraries/UMC/28nm/35uhd/udl/svt/latest/liberty/logic_synth/um28nchslogl35udl140f_ssgwc0p9v0c.db)

Number of ports:                           28
Number of nets:                           265
Number of cells:                          253
Number of combinational cells:            175
Number of sequential cells:                78
Number of macros/black boxes:               0
Number of buf/inv:                         15
Number of references:                      25

Combinational area:                 86.730000
Buf/Inv area:                        2.940000
Noncombinational area:             122.303997
Macro/Black Box area:                0.000000
Net Interconnect area:      undefined  (Wire load has zero net area)

Total cell area:                   209.033997
Total area:                 undefined

The above information was reported from the logical library. The following are from the physical library:

Hierarchical area distribution
------------------------------

                                  Global cell area          Local cell area
                                  ------------------  --------------------------- 
Hierarchical cell                 Absolute   Percent  Combi-    Noncombi-  Black-
                                  Total      Total    national  national   boxes   Design
--------------------------------  ---------  -------  --------  ---------  ------  ---------
FIFO                               209.0340    100.0   86.7300   122.3040  0.0000  FIFO
--------------------------------  ---------  -------  --------  ---------  ------  ---------
Total                                                  86.7300   122.3040  0.0000

1
