 
****************************************
Report : threshold voltage group
Design : FIFO
Version: Q-2019.12-SP5-5
Date   : Mon Oct 24 01:52:12 2022
****************************************

********************************************************************************
                        Threshold Voltage Group Report                         

Vth Group                All                Blackbox           Non-blackbox
Name                    cells                cells                cells
********************************************************************************
HVT35              112730  (98.03%)          0   (0.00%)     112730  (98.03%)   
LVT35                 137   (0.12%)          0   (0.00%)        137   (0.12%)   
SVT35                2109   (1.83%)          0   (0.00%)       2109   (1.83%)   
ULVT35                 24   (0.02%)          0   (0.00%)         24   (0.02%)   
********************************************************************************
Total              115000 (100.00%)          0   (0.00%)     115000 (100.00%)   

Vth Group                All                Blackbox           Non-blackbox
Name                  cell area            cell area            cell area
********************************************************************************
HVT35           101697.15  (98.92%)       0.00   (0.00%)  101697.15  (98.92%)   
LVT35               65.56   (0.06%)       0.00   (0.00%)      65.56   (0.06%)   
SVT35             1024.59   (1.00%)       0.00   (0.00%)    1024.59   (1.00%)   
ULVT35              17.74   (0.02%)       0.00   (0.00%)      17.74   (0.02%)   
********************************************************************************
Total           102805.04 (100.00%)       0.00   (0.00%)  102805.04 (100.00%)   
1
